cuda
Epoch: 1 cost time: 6.546570539474487
Epoch: 1, Steps: 100 | Train Loss: 0.8293480 Vali Loss: 0.7707864
Epoch: 2 cost time: 6.397407531738281
Epoch: 2, Steps: 100 | Train Loss: 0.7658055 Vali Loss: 0.7499617
Updating learning rate to 0.005
Epoch: 3 cost time: 6.445190191268921
Epoch: 3, Steps: 100 | Train Loss: 0.7502478 Vali Loss: 0.7481110
Epoch: 4 cost time: 6.471344947814941
Epoch: 4, Steps: 100 | Train Loss: 0.7489105 Vali Loss: 0.7455098
Updating learning rate to 0.0025
Epoch: 5 cost time: 6.443409204483032
Epoch: 5, Steps: 100 | Train Loss: 0.7451297 Vali Loss: 0.7425994
Epoch: 6 cost time: 6.350257158279419
Epoch: 6, Steps: 100 | Train Loss: 0.7423101 Vali Loss: 0.7369655
Updating learning rate to 0.00125
Epoch: 7 cost time: 6.465933799743652
Epoch: 7, Steps: 100 | Train Loss: 0.7345266 Vali Loss: 0.7339049
Epoch: 8 cost time: 6.422475099563599
Epoch: 8, Steps: 100 | Train Loss: 0.7336197 Vali Loss: 0.7353799
Updating learning rate to 0.000625
Epoch: 9 cost time: 6.564325332641602
Epoch: 9, Steps: 100 | Train Loss: 0.7304076 Vali Loss: 0.7309220
Epoch: 10 cost time: 6.523819208145142
Epoch: 10, Steps: 100 | Train Loss: 0.7300461 Vali Loss: 0.7385460
Updating learning rate to 0.0003125
Epoch: 11 cost time: 6.567084789276123
Epoch: 11, Steps: 100 | Train Loss: 0.7292700 Vali Loss: 0.7303170
Epoch: 12 cost time: 6.54551100730896
Epoch: 12, Steps: 100 | Train Loss: 0.7281468 Vali Loss: 0.7301545
Epoch: 13 cost time: 6.469345808029175
Epoch: 13, Steps: 100 | Train Loss: 0.7278528 Vali Loss: 0.7310122
Epoch: 14 cost time: 6.901454210281372
Epoch: 14, Steps: 100 | Train Loss: 0.7272674 Vali Loss: 0.7308808
Epoch: 15 cost time: 6.511568546295166
Epoch: 15, Steps: 100 | Train Loss: 0.7271369 Vali Loss: 0.7321595
Epoch: 16 cost time: 6.512628078460693
Epoch: 16, Steps: 100 | Train Loss: 0.7285311 Vali Loss: 0.7296324
Epoch: 17 cost time: 6.5987584590911865
Epoch: 17, Steps: 100 | Train Loss: 0.7273749 Vali Loss: 0.7289089
Epoch: 18 cost time: 6.433610677719116
Epoch: 18, Steps: 100 | Train Loss: 0.7277400 Vali Loss: 0.7294946
Epoch: 19 cost time: 6.469486474990845
Epoch: 19, Steps: 100 | Train Loss: 0.7264961 Vali Loss: 0.7291173
Epoch: 20 cost time: 6.525583028793335
Epoch: 20, Steps: 100 | Train Loss: 0.7259035 Vali Loss: 0.7288657
Epoch: 21 cost time: 6.571796178817749
Epoch: 21, Steps: 100 | Train Loss: 0.7258277 Vali Loss: 0.7288804
Epoch: 22 cost time: 6.483133316040039
Epoch: 22, Steps: 100 | Train Loss: 0.7262348 Vali Loss: 0.7284095
Epoch: 23 cost time: 6.534494400024414
Epoch: 23, Steps: 100 | Train Loss: 0.7244997 Vali Loss: 0.7272557
Epoch: 24 cost time: 6.501909017562866
Epoch: 24, Steps: 100 | Train Loss: 0.7241141 Vali Loss: 0.7274586
Epoch: 25 cost time: 6.492464780807495
Epoch: 25, Steps: 100 | Train Loss: 0.7241346 Vali Loss: 0.7275925
Epoch: 26 cost time: 6.459564447402954
Epoch: 26, Steps: 100 | Train Loss: 0.7240922 Vali Loss: 0.7301861
Epoch: 27 cost time: 6.567686080932617
Epoch: 27, Steps: 100 | Train Loss: 0.7247786 Vali Loss: 0.7257225
Epoch: 28 cost time: 6.556574821472168
Epoch: 28, Steps: 100 | Train Loss: 0.7236879 Vali Loss: 0.7266317
Epoch: 29 cost time: 6.459045171737671
Epoch: 29, Steps: 100 | Train Loss: 0.7233669 Vali Loss: 0.7258666
Epoch: 30 cost time: 6.537787437438965
Epoch: 30, Steps: 100 | Train Loss: 0.7243523 Vali Loss: 0.7268702
Epoch: 31 cost time: 6.495171308517456
Epoch: 31, Steps: 100 | Train Loss: 0.7214538 Vali Loss: 0.7245668
Epoch: 32 cost time: 6.5652875900268555
Epoch: 32, Steps: 100 | Train Loss: 0.7214457 Vali Loss: 0.7257091
Epoch: 33 cost time: 6.515276670455933
Epoch: 33, Steps: 100 | Train Loss: 0.7218125 Vali Loss: 0.7213092
Epoch: 34 cost time: 6.402881145477295
Epoch: 34, Steps: 100 | Train Loss: 0.7178362 Vali Loss: 0.7131073
Epoch: 35 cost time: 6.4410080909729
Epoch: 35, Steps: 100 | Train Loss: 0.7080158 Vali Loss: 0.7146262
Epoch: 36 cost time: 6.4553422927856445
Epoch: 36, Steps: 100 | Train Loss: 0.7009514 Vali Loss: 0.7092078
Epoch: 37 cost time: 6.511239051818848
Epoch: 37, Steps: 100 | Train Loss: 0.7017696 Vali Loss: 0.7123641
Epoch: 38 cost time: 6.529677629470825
Epoch: 38, Steps: 100 | Train Loss: 0.6929791 Vali Loss: 0.7046598
Epoch: 39 cost time: 6.504377365112305
Epoch: 39, Steps: 100 | Train Loss: 0.6925590 Vali Loss: 0.7018598
Epoch: 40 cost time: 6.553500652313232
Epoch: 40, Steps: 100 | Train Loss: 0.6885785 Vali Loss: 0.7015657
Epoch: 41 cost time: 6.566188097000122
Epoch: 41, Steps: 100 | Train Loss: 0.6891552 Vali Loss: 0.7009929
Epoch: 42 cost time: 6.519424915313721
Epoch: 42, Steps: 100 | Train Loss: 0.6840279 Vali Loss: 0.7000102
Epoch: 43 cost time: 6.568527460098267
Epoch: 43, Steps: 100 | Train Loss: 0.6810537 Vali Loss: 0.6982860
Epoch: 44 cost time: 6.515312194824219
Epoch: 44, Steps: 100 | Train Loss: 0.6854142 Vali Loss: 0.7140070
Epoch: 45 cost time: 6.4730730056762695
Epoch: 45, Steps: 100 | Train Loss: 0.6814382 Vali Loss: 0.6981986
Epoch: 46 cost time: 6.401687860488892
Epoch: 46, Steps: 100 | Train Loss: 0.6765530 Vali Loss: 0.6949040
slurmstepd: error: *** JOB 16033925 ON ccc0284 CANCELLED AT 2024-11-05T12:55:56 ***
