cuda
Epoch: 1 cost time: 6.696326971054077
Epoch: 1, Steps: 100 | Train Loss: 1.0499128 Vali Loss: 0.7804301
Epoch: 2 cost time: 6.5009636878967285
Epoch: 2, Steps: 100 | Train Loss: 0.7794643 Vali Loss: 0.7539116
Updating learning rate to 0.005
Epoch: 3 cost time: 6.659690856933594
Epoch: 3, Steps: 100 | Train Loss: 0.7610254 Vali Loss: 0.7482105
Epoch: 4 cost time: 6.637236833572388
Epoch: 4, Steps: 100 | Train Loss: 0.7584229 Vali Loss: 0.7534901
Updating learning rate to 0.0025
Epoch: 5 cost time: 6.715552568435669
Epoch: 5, Steps: 100 | Train Loss: 0.7547059 Vali Loss: 0.7561333
Epoch: 6 cost time: 6.809274435043335
Epoch: 6, Steps: 100 | Train Loss: 0.7523267 Vali Loss: 0.7467957
Updating learning rate to 0.00125
Epoch: 7 cost time: 6.7481889724731445
Epoch: 7, Steps: 100 | Train Loss: 0.7451367 Vali Loss: 0.7439024
Epoch: 8 cost time: 6.578777551651001
Epoch: 8, Steps: 100 | Train Loss: 0.7436617 Vali Loss: 0.7412856
Updating learning rate to 0.000625
Epoch: 9 cost time: 6.527563810348511
Epoch: 9, Steps: 100 | Train Loss: 0.7386597 Vali Loss: 0.7398759
Epoch: 10 cost time: 6.669342041015625
Epoch: 10, Steps: 100 | Train Loss: 0.7383729 Vali Loss: 0.7393053
Updating learning rate to 0.0003125
Epoch: 11 cost time: 6.740646123886108
Epoch: 11, Steps: 100 | Train Loss: 0.7368529 Vali Loss: 0.7388566
Epoch: 12 cost time: 6.589796543121338
Epoch: 12, Steps: 100 | Train Loss: 0.7362098 Vali Loss: 0.7404387
Epoch: 13 cost time: 6.494278907775879
Epoch: 13, Steps: 100 | Train Loss: 0.7365877 Vali Loss: 0.7390336
Epoch: 14 cost time: 7.211501598358154
Epoch: 14, Steps: 100 | Train Loss: 0.7371439 Vali Loss: 0.7379793
Epoch: 15 cost time: 6.872710704803467
Epoch: 15, Steps: 100 | Train Loss: 0.7347064 Vali Loss: 0.7379801
Epoch: 16 cost time: 6.60858941078186
Epoch: 16, Steps: 100 | Train Loss: 0.7345472 Vali Loss: 0.7389442
Epoch: 17 cost time: 6.676604270935059
Epoch: 17, Steps: 100 | Train Loss: 0.7342414 Vali Loss: 0.7378938
Epoch: 18 cost time: 6.488725662231445
Epoch: 18, Steps: 100 | Train Loss: 0.7348188 Vali Loss: 0.7377989
Epoch: 19 cost time: 6.731290340423584
Epoch: 19, Steps: 100 | Train Loss: 0.7331842 Vali Loss: 0.7372251
Epoch: 20 cost time: 6.552467584609985
Epoch: 20, Steps: 100 | Train Loss: 0.7326052 Vali Loss: 0.7371750
Epoch: 21 cost time: 6.591338872909546
Epoch: 21, Steps: 100 | Train Loss: 0.7325723 Vali Loss: 0.7359050
Epoch: 22 cost time: 6.833982229232788
Epoch: 22, Steps: 100 | Train Loss: 0.7315453 Vali Loss: 0.7415092
Epoch: 23 cost time: 6.916173458099365
Epoch: 23, Steps: 100 | Train Loss: 0.7339834 Vali Loss: 0.7358858
Epoch: 24 cost time: 6.763927698135376
Epoch: 24, Steps: 100 | Train Loss: 0.7338656 Vali Loss: 0.7404341
Epoch: 25 cost time: 6.562850713729858
Epoch: 25, Steps: 100 | Train Loss: 0.7321975 Vali Loss: 0.7351164
Epoch: 26 cost time: 6.730310440063477
Epoch: 26, Steps: 100 | Train Loss: 0.7310075 Vali Loss: 0.7340431
Epoch: 27 cost time: 6.760862827301025
Epoch: 27, Steps: 100 | Train Loss: 0.7306158 Vali Loss: 0.7389058
Epoch: 28 cost time: 6.760144948959351
Epoch: 28, Steps: 100 | Train Loss: 0.7314640 Vali Loss: 0.7337673
Epoch: 29 cost time: 6.855814456939697
Epoch: 29, Steps: 100 | Train Loss: 0.7313051 Vali Loss: 0.7339826
Epoch: 30 cost time: 6.6493237018585205
Epoch: 30, Steps: 100 | Train Loss: 0.7306385 Vali Loss: 0.7364380
Epoch: 31 cost time: 6.694780349731445
Epoch: 31, Steps: 100 | Train Loss: 0.7285561 Vali Loss: 0.7328637
Epoch: 32 cost time: 6.761404275894165
Epoch: 32, Steps: 100 | Train Loss: 0.7301803 Vali Loss: 0.7401135
Epoch: 33 cost time: 6.823943853378296
Epoch: 33, Steps: 100 | Train Loss: 0.7301529 Vali Loss: 0.7321456
Epoch: 34 cost time: 6.748446226119995
Epoch: 34, Steps: 100 | Train Loss: 0.7288195 Vali Loss: 0.7328570
Epoch: 35 cost time: 6.65769100189209
Epoch: 35, Steps: 100 | Train Loss: 0.7298552 Vali Loss: 0.7318587
Epoch: 36 cost time: 6.806946516036987
Epoch: 36, Steps: 100 | Train Loss: 0.7277375 Vali Loss: 0.7324107
Epoch: 37 cost time: 6.7103590965271
Epoch: 37, Steps: 100 | Train Loss: 0.7278184 Vali Loss: 0.7299496
Epoch: 38 cost time: 6.72687029838562
Epoch: 38, Steps: 100 | Train Loss: 0.7255159 Vali Loss: 0.7301089
Epoch: 39 cost time: 6.834330320358276
Epoch: 39, Steps: 100 | Train Loss: 0.7306816 Vali Loss: 0.7317369
Epoch: 40 cost time: 6.644049882888794
Epoch: 40, Steps: 100 | Train Loss: 0.7256731 Vali Loss: 0.7281180
Epoch: 41 cost time: 6.7677693367004395
Epoch: 41, Steps: 100 | Train Loss: 0.7246743 Vali Loss: 0.7327530
Epoch: 42 cost time: 6.783522129058838
Epoch: 42, Steps: 100 | Train Loss: 0.7253481 Vali Loss: 0.7291182
Epoch: 43 cost time: 6.9368579387664795
Epoch: 43, Steps: 100 | Train Loss: 0.7260793 Vali Loss: 0.7300201
Epoch: 44 cost time: 6.860749006271362
Epoch: 44, Steps: 100 | Train Loss: 0.7236551 Vali Loss: 0.7288111
Epoch: 45 cost time: 6.586129903793335
Epoch: 45, Steps: 100 | Train Loss: 0.7276899 Vali Loss: 0.7268970
Epoch: 46 cost time: 6.732356071472168
Epoch: 46, Steps: 100 | Train Loss: 0.7236504 Vali Loss: 0.7258831
Epoch: 47 cost time: 6.698726177215576
Epoch: 47, Steps: 100 | Train Loss: 0.7226068 Vali Loss: 0.7246508
Epoch: 48 cost time: 6.669760704040527
Epoch: 48, Steps: 100 | Train Loss: 0.7228699 Vali Loss: 0.7260779
Epoch: 49 cost time: 6.578882217407227
Epoch: 49, Steps: 100 | Train Loss: 0.7231027 Vali Loss: 0.7260525
Epoch: 50 cost time: 6.543917655944824
Epoch: 50, Steps: 100 | Train Loss: 0.7234339 Vali Loss: 0.7249567
Epoch: 51 cost time: 6.835485219955444
Epoch: 51, Steps: 100 | Train Loss: 0.7217031 Vali Loss: 0.7243830
Epoch: 52 cost time: 6.627151250839233
Epoch: 52, Steps: 100 | Train Loss: 0.7227327 Vali Loss: 0.7253735
Epoch: 53 cost time: 6.610238075256348
Epoch: 53, Steps: 100 | Train Loss: 0.7213728 Vali Loss: 0.7241817
Epoch: 54 cost time: 6.763607740402222
Epoch: 54, Steps: 100 | Train Loss: 0.7215602 Vali Loss: 0.7260570
Epoch: 55 cost time: 6.851239442825317
Epoch: 55, Steps: 100 | Train Loss: 0.7263868 Vali Loss: 0.7242728
Epoch: 56 cost time: 6.75893759727478
Epoch: 56, Steps: 100 | Train Loss: 0.7209629 Vali Loss: 0.7243377
Epoch: 57 cost time: 6.557673931121826
Epoch: 57, Steps: 100 | Train Loss: 0.7217995 Vali Loss: 0.7293322
Epoch: 58 cost time: 6.835745573043823
Epoch: 58, Steps: 100 | Train Loss: 0.7206548 Vali Loss: 0.7231996
Epoch: 59 cost time: 6.644514322280884
Epoch: 59, Steps: 100 | Train Loss: 0.7198559 Vali Loss: 0.7271288
Epoch: 60 cost time: 6.576922416687012
Epoch: 60, Steps: 100 | Train Loss: 0.7190085 Vali Loss: 0.7211414
Epoch: 61 cost time: 6.718900442123413
Epoch: 61, Steps: 100 | Train Loss: 0.7190995 Vali Loss: 0.7206791
Epoch: 62 cost time: 6.731750011444092
Epoch: 62, Steps: 100 | Train Loss: 0.7200110 Vali Loss: 0.7221351
Epoch: 63 cost time: 6.660598516464233
Epoch: 63, Steps: 100 | Train Loss: 0.7181625 Vali Loss: 0.7224786
Epoch: 64 cost time: 6.785667419433594
Epoch: 64, Steps: 100 | Train Loss: 0.7195470 Vali Loss: 0.7200756
Epoch: 65 cost time: 6.845098257064819
Epoch: 65, Steps: 100 | Train Loss: 0.7186130 Vali Loss: 0.7208909
Epoch: 66 cost time: 6.640954494476318
Epoch: 66, Steps: 100 | Train Loss: 0.7181962 Vali Loss: 0.7188483
Epoch: 67 cost time: 6.853636026382446
Epoch: 67, Steps: 100 | Train Loss: 0.7189256 Vali Loss: 0.7192858
Epoch: 68 cost time: 6.537169933319092
Epoch: 68, Steps: 100 | Train Loss: 0.7173182 Vali Loss: 0.7186859
Epoch: 69 cost time: 6.722701072692871
Epoch: 69, Steps: 100 | Train Loss: 0.7177720 Vali Loss: 0.7188554
Epoch: 70 cost time: 6.543234825134277
Epoch: 70, Steps: 100 | Train Loss: 0.7186229 Vali Loss: 0.7192301
Epoch: 71 cost time: 6.848049640655518
Epoch: 71, Steps: 100 | Train Loss: 0.7182396 Vali Loss: 0.7177590
Epoch: 72 cost time: 6.853621006011963
Epoch: 72, Steps: 100 | Train Loss: 0.7157205 Vali Loss: 0.7181405
Epoch: 73 cost time: 6.833817958831787
Epoch: 73, Steps: 100 | Train Loss: 0.7156266 Vali Loss: 0.7186195
Epoch: 74 cost time: 6.761233568191528
Epoch: 74, Steps: 100 | Train Loss: 0.7166407 Vali Loss: 0.7168909
Epoch: 75 cost time: 6.885375022888184
Epoch: 75, Steps: 100 | Train Loss: 0.7161548 Vali Loss: 0.7176024
Epoch: 76 cost time: 6.703756809234619
Epoch: 76, Steps: 100 | Train Loss: 0.7173141 Vali Loss: 0.7157233
Epoch: 77 cost time: 6.6635658740997314
Epoch: 77, Steps: 100 | Train Loss: 0.7146204 Vali Loss: 0.7187998
Epoch: 78 cost time: 6.646339178085327
Epoch: 78, Steps: 100 | Train Loss: 0.7144117 Vali Loss: 0.7167839
Epoch: 79 cost time: 6.651921510696411
Epoch: 79, Steps: 100 | Train Loss: 0.7185969 Vali Loss: 0.7180409
Epoch: 80 cost time: 6.5868823528289795
Epoch: 80, Steps: 100 | Train Loss: 0.7164784 Vali Loss: 0.7177469
Epoch: 81 cost time: 6.740362167358398
Epoch: 81, Steps: 100 | Train Loss: 0.7149128 Vali Loss: 0.7169001
Epoch: 82 cost time: 6.7502665519714355
Epoch: 82, Steps: 100 | Train Loss: 0.7171541 Vali Loss: 0.7155711
Epoch: 83 cost time: 6.706701040267944
Epoch: 83, Steps: 100 | Train Loss: 0.7124874 Vali Loss: 0.7178245
Epoch: 84 cost time: 6.795489311218262
Epoch: 84, Steps: 100 | Train Loss: 0.7129940 Vali Loss: 0.7161336
Epoch: 85 cost time: 6.876370906829834
Epoch: 85, Steps: 100 | Train Loss: 0.7140373 Vali Loss: 0.7163671
Epoch: 86 cost time: 6.654736280441284
Epoch: 86, Steps: 100 | Train Loss: 0.7122716 Vali Loss: 0.7131224
Epoch: 87 cost time: 6.627676010131836
Epoch: 87, Steps: 100 | Train Loss: 0.7137740 Vali Loss: 0.7191818
Epoch: 88 cost time: 6.679831266403198
Epoch: 88, Steps: 100 | Train Loss: 0.7099604 Vali Loss: 0.7052745
Epoch: 89 cost time: 6.70649266242981
Epoch: 89, Steps: 100 | Train Loss: 0.6998573 Vali Loss: 0.7005919
Epoch: 90 cost time: 6.841073989868164
Epoch: 90, Steps: 100 | Train Loss: 0.6907178 Vali Loss: 0.6899091
Epoch: 91 cost time: 6.683272123336792
Epoch: 91, Steps: 100 | Train Loss: 0.6841857 Vali Loss: 0.6875097
Epoch: 92 cost time: 6.657374858856201
Epoch: 92, Steps: 100 | Train Loss: 0.6765919 Vali Loss: 0.6713540
Epoch: 93 cost time: 6.582886457443237
Epoch: 93, Steps: 100 | Train Loss: 0.6657153 Vali Loss: 0.6665652
Epoch: 94 cost time: 6.517460584640503
Epoch: 94, Steps: 100 | Train Loss: 0.6696549 Vali Loss: 0.6730114
Epoch: 95 cost time: 6.511170148849487
Epoch: 95, Steps: 100 | Train Loss: 0.6630941 Vali Loss: 0.6558233
Epoch: 96 cost time: 6.389696836471558
Epoch: 96, Steps: 100 | Train Loss: 0.6625358 Vali Loss: 0.6690330
Epoch: 97 cost time: 6.611579418182373
Epoch: 97, Steps: 100 | Train Loss: 0.6593219 Vali Loss: 0.6531585
Epoch: 98 cost time: 7.080542325973511
Epoch: 98, Steps: 100 | Train Loss: 0.6549212 Vali Loss: 0.6596864
Epoch: 99 cost time: 6.508431673049927
Epoch: 99, Steps: 100 | Train Loss: 0.6614585 Vali Loss: 0.6582229
Epoch: 100 cost time: 6.503442287445068
Epoch: 100, Steps: 100 | Train Loss: 0.6518143 Vali Loss: 0.6511632
Epoch: 101 cost time: 6.543015956878662
Epoch: 101, Steps: 100 | Train Loss: 0.6466492 Vali Loss: 0.6493755
Plotting loss...
Plotting prediction...
Epoch: 1 cost time: 6.6265785694122314
Epoch: 1, Steps: 100 | Train Loss: 0.7207590 Vali Loss: 0.7223346
Epoch: 2 cost time: 6.529240131378174
Epoch: 2, Steps: 100 | Train Loss: 0.7286336 Vali Loss: 0.7390332
Updating learning rate to 0.0025
Epoch: 3 cost time: 6.459678888320923
Epoch: 3, Steps: 100 | Train Loss: 0.7120777 Vali Loss: 0.7258284
Epoch: 4 cost time: 6.5984015464782715
Epoch: 4, Steps: 100 | Train Loss: 0.7087765 Vali Loss: 0.7359169
Updating learning rate to 0.00125
Epoch: 5 cost time: 6.567225933074951
Epoch: 5, Steps: 100 | Train Loss: 0.7064766 Vali Loss: 0.7193720
Epoch: 6 cost time: 6.433005094528198
Epoch: 6, Steps: 100 | Train Loss: 0.7071487 Vali Loss: 0.7239010
Updating learning rate to 0.000625
Epoch: 7 cost time: 6.432393550872803
Epoch: 7, Steps: 100 | Train Loss: 0.7051579 Vali Loss: 0.7239089
Epoch: 8 cost time: 6.614809274673462
Epoch: 8, Steps: 100 | Train Loss: 0.7046435 Vali Loss: 0.7257034
Updating learning rate to 0.0003125
Epoch: 9 cost time: 6.4631829261779785
Epoch: 9, Steps: 100 | Train Loss: 0.7036701 Vali Loss: 0.7236525
Epoch: 10 cost time: 6.520289182662964
Epoch: 10, Steps: 100 | Train Loss: 0.7035935 Vali Loss: 0.7225736
Updating learning rate to 0.00015625
Epoch: 11 cost time: 6.642474889755249
Epoch: 11, Steps: 100 | Train Loss: 0.7027868 Vali Loss: 0.7218228
Epoch: 12 cost time: 6.618068695068359
Epoch: 12, Steps: 100 | Train Loss: 0.7029346 Vali Loss: 0.7219442
Epoch: 13 cost time: 6.553614854812622
Epoch: 13, Steps: 100 | Train Loss: 0.7028343 Vali Loss: 0.7222197
Epoch: 14 cost time: 6.5412070751190186
Epoch: 14, Steps: 100 | Train Loss: 0.7028345 Vali Loss: 0.7223961
Epoch: 15 cost time: 6.543156385421753
Epoch: 15, Steps: 100 | Train Loss: 0.7027135 Vali Loss: 0.7225769
Epoch: 16 cost time: 6.640920877456665
Epoch: 16, Steps: 100 | Train Loss: 0.7028139 Vali Loss: 0.7228601
Epoch: 17 cost time: 6.605745553970337
Epoch: 17, Steps: 100 | Train Loss: 0.7027364 Vali Loss: 0.7229712
Epoch: 18 cost time: 6.441843509674072
Epoch: 18, Steps: 100 | Train Loss: 0.7027980 Vali Loss: 0.7223723
Epoch: 19 cost time: 6.550857782363892
Epoch: 19, Steps: 100 | Train Loss: 0.7024668 Vali Loss: 0.7219189
Epoch: 20 cost time: 6.563475847244263
Epoch: 20, Steps: 100 | Train Loss: 0.7024382 Vali Loss: 0.7239087
Epoch: 21 cost time: 6.5786497592926025
Epoch: 21, Steps: 100 | Train Loss: 0.7021951 Vali Loss: 0.7239030
Epoch: 22 cost time: 6.519315958023071
Epoch: 22, Steps: 100 | Train Loss: 0.7024389 Vali Loss: 0.7224342
Epoch: 23 cost time: 6.501950979232788
Epoch: 23, Steps: 100 | Train Loss: 0.7023288 Vali Loss: 0.7227942
Epoch: 24 cost time: 6.548644304275513
Epoch: 24, Steps: 100 | Train Loss: 0.7022821 Vali Loss: 0.7238643
Epoch: 25 cost time: 6.519090414047241
Epoch: 25, Steps: 100 | Train Loss: 0.7018282 Vali Loss: 0.7216282
Epoch: 26 cost time: 6.6310718059539795
Epoch: 26, Steps: 100 | Train Loss: 0.7020455 Vali Loss: 0.7223723
Epoch: 27 cost time: 6.467660188674927
Epoch: 27, Steps: 100 | Train Loss: 0.7019977 Vali Loss: 0.7213606
Epoch: 28 cost time: 6.6353654861450195
Epoch: 28, Steps: 100 | Train Loss: 0.7020323 Vali Loss: 0.7213112
Epoch: 29 cost time: 6.617547988891602
Epoch: 29, Steps: 100 | Train Loss: 0.7017864 Vali Loss: 0.7222922
Epoch: 30 cost time: 6.562381029129028
Epoch: 30, Steps: 100 | Train Loss: 0.7021482 Vali Loss: 0.7210527
Epoch: 31 cost time: 6.501564264297485
Epoch: 31, Steps: 100 | Train Loss: 0.7018507 Vali Loss: 0.7221394
Epoch: 32 cost time: 6.545557737350464
Epoch: 32, Steps: 100 | Train Loss: 0.7016293 Vali Loss: 0.7221909
Epoch: 33 cost time: 6.51160740852356
Epoch: 33, Steps: 100 | Train Loss: 0.7014493 Vali Loss: 0.7229901
Epoch: 34 cost time: 6.488751173019409
Epoch: 34, Steps: 100 | Train Loss: 0.7014139 Vali Loss: 0.7223788
Epoch: 35 cost time: 6.5738914012908936
Epoch: 35, Steps: 100 | Train Loss: 0.7013527 Vali Loss: 0.7225516
Epoch: 36 cost time: 6.542368650436401
Epoch: 36, Steps: 100 | Train Loss: 0.7011326 Vali Loss: 0.7225014
Epoch: 37 cost time: 6.513451337814331
Epoch: 37, Steps: 100 | Train Loss: 0.7011866 Vali Loss: 0.7226105
Epoch: 38 cost time: 6.5795981884002686
Epoch: 38, Steps: 100 | Train Loss: 0.7011850 Vali Loss: 0.7216248
Epoch: 39 cost time: 6.531702995300293
Epoch: 39, Steps: 100 | Train Loss: 0.7011180 Vali Loss: 0.7226276
Epoch: 40 cost time: 6.45855712890625
Epoch: 40, Steps: 100 | Train Loss: 0.7004508 Vali Loss: 0.7217315
Epoch: 41 cost time: 6.59413743019104
Epoch: 41, Steps: 100 | Train Loss: 0.6993722 Vali Loss: 0.7206293
Epoch: 42 cost time: 6.620331525802612
Epoch: 42, Steps: 100 | Train Loss: 0.6990540 Vali Loss: 0.7205780
Epoch: 43 cost time: 6.548760890960693
Epoch: 43, Steps: 100 | Train Loss: 0.6980455 Vali Loss: 0.7197621
Epoch: 44 cost time: 6.591966867446899
Epoch: 44, Steps: 100 | Train Loss: 0.6968875 Vali Loss: 0.7172503
Epoch: 45 cost time: 6.568445682525635
Epoch: 45, Steps: 100 | Train Loss: 0.6970126 Vali Loss: 0.7189746
Epoch: 46 cost time: 6.453357458114624
Epoch: 46, Steps: 100 | Train Loss: 0.6970788 Vali Loss: 0.7175223
Epoch: 47 cost time: 6.600667238235474
Epoch: 47, Steps: 100 | Train Loss: 0.6967725 Vali Loss: 0.7165350
Epoch: 48 cost time: 6.669083118438721
Epoch: 48, Steps: 100 | Train Loss: 0.6958398 Vali Loss: 0.7154663
Epoch: 49 cost time: 6.483963966369629
Epoch: 49, Steps: 100 | Train Loss: 0.6951169 Vali Loss: 0.7123391
Epoch: 50 cost time: 6.560480356216431
Epoch: 50, Steps: 100 | Train Loss: 0.6948126 Vali Loss: 0.7115604
Epoch: 51 cost time: 6.571316242218018
Epoch: 51, Steps: 100 | Train Loss: 0.6914180 Vali Loss: 0.7070352
Epoch: 52 cost time: 6.545653343200684
Epoch: 52, Steps: 100 | Train Loss: 0.6898233 Vali Loss: 0.7067159
Epoch: 53 cost time: 6.531537771224976
Epoch: 53, Steps: 100 | Train Loss: 0.6863233 Vali Loss: 0.7059769
Epoch: 54 cost time: 6.501337051391602
Epoch: 54, Steps: 100 | Train Loss: 0.6826910 Vali Loss: 0.6972652
Epoch: 55 cost time: 6.53907036781311
Epoch: 55, Steps: 100 | Train Loss: 0.6662491 Vali Loss: 0.6831269
Epoch: 56 cost time: 6.54688024520874
Epoch: 56, Steps: 100 | Train Loss: 0.6614616 Vali Loss: 0.6822976
Epoch: 57 cost time: 6.465181827545166
Epoch: 57, Steps: 100 | Train Loss: 0.6597794 Vali Loss: 0.6790975
Epoch: 58 cost time: 6.492064714431763
Epoch: 58, Steps: 100 | Train Loss: 0.6618586 Vali Loss: 0.6829069
Epoch: 59 cost time: 6.543398380279541
Epoch: 59, Steps: 100 | Train Loss: 0.6675179 Vali Loss: 0.6846055
Epoch: 60 cost time: 6.524890661239624
Epoch: 60, Steps: 100 | Train Loss: 0.6577247 Vali Loss: 0.6679254
Epoch: 61 cost time: 6.549861669540405
Epoch: 61, Steps: 100 | Train Loss: 0.6505865 Vali Loss: 0.6618394
Epoch: 62 cost time: 6.561537027359009
Epoch: 62, Steps: 100 | Train Loss: 0.6482778 Vali Loss: 0.6589775
Epoch: 63 cost time: 6.475539207458496
Epoch: 63, Steps: 100 | Train Loss: 0.6468542 Vali Loss: 0.6671547
Epoch: 64 cost time: 6.526329755783081
Epoch: 64, Steps: 100 | Train Loss: 0.6483099 Vali Loss: 0.6592508
Epoch: 65 cost time: 6.568516731262207
Epoch: 65, Steps: 100 | Train Loss: 0.6453997 Vali Loss: 0.6586817
Epoch: 66 cost time: 6.4526047706604
Epoch: 66, Steps: 100 | Train Loss: 0.6452337 Vali Loss: 0.6561082
Epoch: 67 cost time: 6.615090608596802
Epoch: 67, Steps: 100 | Train Loss: 0.6430462 Vali Loss: 0.6529738
Epoch: 68 cost time: 6.5764360427856445
Epoch: 68, Steps: 100 | Train Loss: 0.6447538 Vali Loss: 0.6565226
Epoch: 69 cost time: 6.661883592605591
Epoch: 69, Steps: 100 | Train Loss: 0.6401634 Vali Loss: 0.6527664
Epoch: 70 cost time: 6.426666498184204
Epoch: 70, Steps: 100 | Train Loss: 0.6396530 Vali Loss: 0.6520566
Epoch: 71 cost time: 6.698853969573975
Epoch: 71, Steps: 100 | Train Loss: 0.6446502 Vali Loss: 0.6601093
Epoch: 72 cost time: 6.604203701019287
Epoch: 72, Steps: 100 | Train Loss: 0.6492409 Vali Loss: 0.6558507
Epoch: 73 cost time: 6.568635940551758
Epoch: 73, Steps: 100 | Train Loss: 0.6457327 Vali Loss: 0.6572732
Epoch: 74 cost time: 6.545933246612549
Epoch: 74, Steps: 100 | Train Loss: 0.6433248 Vali Loss: 0.6546177
Epoch: 75 cost time: 6.4293012619018555
Epoch: 75, Steps: 100 | Train Loss: 0.6576886 Vali Loss: 0.6694079
Epoch: 76 cost time: 6.542673587799072
Epoch: 76, Steps: 100 | Train Loss: 0.6492577 Vali Loss: 0.6585620
Epoch: 77 cost time: 7.007388114929199
Epoch: 77, Steps: 100 | Train Loss: 0.6496275 Vali Loss: 0.6659635
Epoch: 78 cost time: 6.575360059738159
Epoch: 78, Steps: 100 | Train Loss: 0.6484860 Vali Loss: 0.6608761
Epoch: 79 cost time: 6.611729621887207
Epoch: 79, Steps: 100 | Train Loss: 0.6486616 Vali Loss: 0.6640636
Epoch: 80 cost time: 6.5045647621154785
Epoch: 80, Steps: 100 | Train Loss: 0.6457175 Vali Loss: 0.6594274
Epoch: 81 cost time: 6.535109519958496
Epoch: 81, Steps: 100 | Train Loss: 0.6448472 Vali Loss: 0.6616213
Epoch: 82 cost time: 6.6465442180633545
Epoch: 82, Steps: 100 | Train Loss: 0.6438085 Vali Loss: 0.6607534
Epoch: 83 cost time: 6.454413890838623
Epoch: 83, Steps: 100 | Train Loss: 0.6423264 Vali Loss: 0.6580601
Epoch: 84 cost time: 6.664186954498291
Epoch: 84, Steps: 100 | Train Loss: 0.6413647 Vali Loss: 0.6570336
Epoch: 85 cost time: 6.601107835769653
Epoch: 85, Steps: 100 | Train Loss: 0.6447405 Vali Loss: 0.6588244
Epoch: 86 cost time: 6.523135662078857
Epoch: 86, Steps: 100 | Train Loss: 0.6416245 Vali Loss: 0.6561293
Epoch: 87 cost time: 6.513298988342285
Epoch: 87, Steps: 100 | Train Loss: 0.6387004 Vali Loss: 0.6541909
Epoch: 88 cost time: 6.617046356201172
Epoch: 88, Steps: 100 | Train Loss: 0.6366871 Vali Loss: 0.6511788
Epoch: 89 cost time: 6.624987363815308
Epoch: 89, Steps: 100 | Train Loss: 0.6333683 Vali Loss: 0.6488515
Epoch: 90 cost time: 6.497520208358765
Epoch: 90, Steps: 100 | Train Loss: 0.6320974 Vali Loss: 0.6449302
Epoch: 91 cost time: 6.541151762008667
Epoch: 91, Steps: 100 | Train Loss: 0.6282657 Vali Loss: 0.6454692
Epoch: 92 cost time: 6.52680230140686
Epoch: 92, Steps: 100 | Train Loss: 0.6250970 Vali Loss: 0.6362399
Epoch: 93 cost time: 6.498664140701294
Epoch: 93, Steps: 100 | Train Loss: 0.6222656 Vali Loss: 0.6356759
Epoch: 94 cost time: 6.561842918395996
Epoch: 94, Steps: 100 | Train Loss: 0.6239282 Vali Loss: 0.6398638
Epoch: 95 cost time: 6.506447076797485
Epoch: 95, Steps: 100 | Train Loss: 0.6173626 Vali Loss: 0.6286940
Epoch: 96 cost time: 6.485356569290161
Epoch: 96, Steps: 100 | Train Loss: 0.6134662 Vali Loss: 0.6298988
Epoch: 97 cost time: 6.574281215667725
Epoch: 97, Steps: 100 | Train Loss: 0.6098431 Vali Loss: 0.6230444
Epoch: 98 cost time: 6.560932636260986
Epoch: 98, Steps: 100 | Train Loss: 0.6057886 Vali Loss: 0.6163432
Epoch: 99 cost time: 6.512616395950317
Epoch: 99, Steps: 100 | Train Loss: 0.6038615 Vali Loss: 0.6157348
Epoch: 100 cost time: 6.642309904098511
Epoch: 100, Steps: 100 | Train Loss: 0.6001153 Vali Loss: 0.6129566
Epoch: 101 cost time: 6.481878280639648
Epoch: 101, Steps: 100 | Train Loss: 0.5986149 Vali Loss: 0.6138819
Plotting loss...
Plotting prediction...
Epoch: 1 cost time: 6.563086271286011
Epoch: 1, Steps: 100 | Train Loss: 0.7013839 Vali Loss: 0.7147612
Epoch: 2 cost time: 6.528597116470337
Epoch: 2, Steps: 100 | Train Loss: 0.7034643 Vali Loss: 0.7234054
Updating learning rate to 0.0005
Epoch: 3 cost time: 6.510873079299927
Epoch: 3, Steps: 100 | Train Loss: 0.7076885 Vali Loss: 0.7310488
Epoch: 4 cost time: 6.617162704467773
Epoch: 4, Steps: 100 | Train Loss: 0.7058401 Vali Loss: 0.7287154
Updating learning rate to 0.00025
Epoch: 5 cost time: 6.618618726730347
Epoch: 5, Steps: 100 | Train Loss: 0.7054164 Vali Loss: 0.7226238
Epoch: 6 cost time: 6.6302831172943115
Epoch: 6, Steps: 100 | Train Loss: 0.7051000 Vali Loss: 0.7208643
Updating learning rate to 0.000125
Epoch: 7 cost time: 6.522002935409546
Epoch: 7, Steps: 100 | Train Loss: 0.7052756 Vali Loss: 0.7225462
Epoch: 8 cost time: 6.540791749954224
Epoch: 8, Steps: 100 | Train Loss: 0.7044874 Vali Loss: 0.7242309
Updating learning rate to 6.25e-05
Epoch: 9 cost time: 6.596119165420532
Epoch: 9, Steps: 100 | Train Loss: 0.7043731 Vali Loss: 0.7237837
Epoch: 10 cost time: 6.569595813751221
Epoch: 10, Steps: 100 | Train Loss: 0.7041973 Vali Loss: 0.7242932
Updating learning rate to 3.125e-05
Epoch: 11 cost time: 6.4640374183654785
Epoch: 11, Steps: 100 | Train Loss: 0.7039875 Vali Loss: 0.7237517
Epoch: 12 cost time: 6.6252899169921875
Epoch: 12, Steps: 100 | Train Loss: 0.7039558 Vali Loss: 0.7235325
Epoch: 13 cost time: 6.680044412612915
Epoch: 13, Steps: 100 | Train Loss: 0.7038854 Vali Loss: 0.7233271
Epoch: 14 cost time: 6.580780744552612
Epoch: 14, Steps: 100 | Train Loss: 0.7038381 Vali Loss: 0.7229763
Epoch: 15 cost time: 6.631177663803101
Epoch: 15, Steps: 100 | Train Loss: 0.7038130 Vali Loss: 0.7228714
Epoch: 16 cost time: 6.5455381870269775
Epoch: 16, Steps: 100 | Train Loss: 0.7037572 Vali Loss: 0.7230212
Epoch: 17 cost time: 6.557834625244141
Epoch: 17, Steps: 100 | Train Loss: 0.7037562 Vali Loss: 0.7228712
Epoch: 18 cost time: 6.667051315307617
Epoch: 18, Steps: 100 | Train Loss: 0.7038309 Vali Loss: 0.7229520
Epoch: 19 cost time: 6.6183180809021
Epoch: 19, Steps: 100 | Train Loss: 0.7037286 Vali Loss: 0.7229859
Epoch: 20 cost time: 6.483112812042236
Epoch: 20, Steps: 100 | Train Loss: 0.7036570 Vali Loss: 0.7230081
Epoch: 21 cost time: 6.59891152381897
Epoch: 21, Steps: 100 | Train Loss: 0.7036018 Vali Loss: 0.7227732
Epoch: 22 cost time: 6.680990219116211
Epoch: 22, Steps: 100 | Train Loss: 0.7035352 Vali Loss: 0.7227906
Epoch: 23 cost time: 6.570173978805542
Epoch: 23, Steps: 100 | Train Loss: 0.7034288 Vali Loss: 0.7229069
Epoch: 24 cost time: 6.601417064666748
Epoch: 24, Steps: 100 | Train Loss: 0.7034651 Vali Loss: 0.7230384
Epoch: 25 cost time: 6.5891172885894775
Epoch: 25, Steps: 100 | Train Loss: 0.7033373 Vali Loss: 0.7230384
Epoch: 26 cost time: 6.526374578475952
Epoch: 26, Steps: 100 | Train Loss: 0.7033093 Vali Loss: 0.7228763
Epoch: 27 cost time: 6.530797481536865
Epoch: 27, Steps: 100 | Train Loss: 0.7032876 Vali Loss: 0.7223963
Epoch: 28 cost time: 6.559121131896973
Epoch: 28, Steps: 100 | Train Loss: 0.7031588 Vali Loss: 0.7222493
Epoch: 29 cost time: 6.528313875198364
Epoch: 29, Steps: 100 | Train Loss: 0.7029693 Vali Loss: 0.7224437
Epoch: 30 cost time: 6.609817743301392
Epoch: 30, Steps: 100 | Train Loss: 0.7028134 Vali Loss: 0.7226676
Epoch: 31 cost time: 6.624792098999023
Epoch: 31, Steps: 100 | Train Loss: 0.7027015 Vali Loss: 0.7224843
Epoch: 32 cost time: 6.547330379486084
Epoch: 32, Steps: 100 | Train Loss: 0.7025644 Vali Loss: 0.7226338
Epoch: 33 cost time: 6.639816999435425
Epoch: 33, Steps: 100 | Train Loss: 0.7025784 Vali Loss: 0.7222610
Epoch: 34 cost time: 6.52305006980896
Epoch: 34, Steps: 100 | Train Loss: 0.7024414 Vali Loss: 0.7224459
Epoch: 35 cost time: 6.611225366592407
Epoch: 35, Steps: 100 | Train Loss: 0.7023082 Vali Loss: 0.7222423
Epoch: 36 cost time: 6.62294602394104
Epoch: 36, Steps: 100 | Train Loss: 0.7019303 Vali Loss: 0.7216943
Epoch: 37 cost time: 6.58880615234375
Epoch: 37, Steps: 100 | Train Loss: 0.7013541 Vali Loss: 0.7205394
Epoch: 38 cost time: 6.5807623863220215
Epoch: 38, Steps: 100 | Train Loss: 0.7007633 Vali Loss: 0.7197295
Epoch: 39 cost time: 6.655210494995117
Epoch: 39, Steps: 100 | Train Loss: 0.7003884 Vali Loss: 0.7195916
Epoch: 40 cost time: 6.515558481216431
Epoch: 40, Steps: 100 | Train Loss: 0.7000393 Vali Loss: 0.7197065
Epoch: 41 cost time: 6.627252578735352
Epoch: 41, Steps: 100 | Train Loss: 0.6998891 Vali Loss: 0.7199695
Epoch: 42 cost time: 6.381664514541626
Epoch: 42, Steps: 100 | Train Loss: 0.6993652 Vali Loss: 0.7176197
Epoch: 43 cost time: 6.606084823608398
Epoch: 43, Steps: 100 | Train Loss: 0.6972769 Vali Loss: 0.7146070
Epoch: 44 cost time: 6.813888072967529
Epoch: 44, Steps: 100 | Train Loss: 0.6952758 Vali Loss: 0.7144379
Epoch: 45 cost time: 6.675210237503052
Epoch: 45, Steps: 100 | Train Loss: 0.6941704 Vali Loss: 0.7133069
Epoch: 46 cost time: 6.514058589935303
Epoch: 46, Steps: 100 | Train Loss: 0.6929231 Vali Loss: 0.7126020
Epoch: 47 cost time: 6.549906969070435
Epoch: 47, Steps: 100 | Train Loss: 0.6916810 Vali Loss: 0.7109876
Epoch: 48 cost time: 6.536257743835449
Epoch: 48, Steps: 100 | Train Loss: 0.6895008 Vali Loss: 0.7078267
Epoch: 49 cost time: 6.467008352279663
Epoch: 49, Steps: 100 | Train Loss: 0.6871320 Vali Loss: 0.7058048
Epoch: 50 cost time: 6.5856451988220215
Epoch: 50, Steps: 100 | Train Loss: 0.6862780 Vali Loss: 0.7047832
Epoch: 51 cost time: 6.526967287063599
Epoch: 51, Steps: 100 | Train Loss: 0.6851218 Vali Loss: 0.7039457
Epoch: 52 cost time: 6.552865028381348
Epoch: 52, Steps: 100 | Train Loss: 0.6839649 Vali Loss: 0.7020811
Epoch: 53 cost time: 6.552186012268066
Epoch: 53, Steps: 100 | Train Loss: 0.6831720 Vali Loss: 0.7014627
Epoch: 54 cost time: 6.668374300003052
Epoch: 54, Steps: 100 | Train Loss: 0.6821622 Vali Loss: 0.7004970
Epoch: 55 cost time: 6.583044767379761
Epoch: 55, Steps: 100 | Train Loss: 0.6812062 Vali Loss: 0.7005770
Epoch: 56 cost time: 7.044132947921753
Epoch: 56, Steps: 100 | Train Loss: 0.6810334 Vali Loss: 0.6989324
Epoch: 57 cost time: 6.642297267913818
Epoch: 57, Steps: 100 | Train Loss: 0.6801696 Vali Loss: 0.6982191
Epoch: 58 cost time: 6.600372791290283
Epoch: 58, Steps: 100 | Train Loss: 0.6799911 Vali Loss: 0.6978680
Epoch: 59 cost time: 6.538701772689819
Epoch: 59, Steps: 100 | Train Loss: 0.6791250 Vali Loss: 0.6977806
Epoch: 60 cost time: 6.4866626262664795
Epoch: 60, Steps: 100 | Train Loss: 0.6785817 Vali Loss: 0.6967858
Epoch: 61 cost time: 6.461077451705933
Epoch: 61, Steps: 100 | Train Loss: 0.6781940 Vali Loss: 0.6978037
Epoch: 62 cost time: 6.585718631744385
Epoch: 62, Steps: 100 | Train Loss: 0.6781734 Vali Loss: 0.6958311
Epoch: 63 cost time: 6.497380971908569
Epoch: 63, Steps: 100 | Train Loss: 0.6775557 Vali Loss: 0.6957715
Epoch: 64 cost time: 6.545015096664429
Epoch: 64, Steps: 100 | Train Loss: 0.6770058 Vali Loss: 0.6948127
Epoch: 65 cost time: 6.509558916091919
Epoch: 65, Steps: 100 | Train Loss: 0.6759652 Vali Loss: 0.6960771
Epoch: 66 cost time: 6.465223073959351
Epoch: 66, Steps: 100 | Train Loss: 0.6758738 Vali Loss: 0.6947595
Epoch: 67 cost time: 6.555342674255371
Epoch: 67, Steps: 100 | Train Loss: 0.6752222 Vali Loss: 0.6934600
Epoch: 68 cost time: 6.532527923583984
Epoch: 68, Steps: 100 | Train Loss: 0.6751960 Vali Loss: 0.6937791
Epoch: 69 cost time: 6.681431293487549
Epoch: 69, Steps: 100 | Train Loss: 0.6743881 Vali Loss: 0.6926280
Epoch: 70 cost time: 6.503418207168579
Epoch: 70, Steps: 100 | Train Loss: 0.6748630 Vali Loss: 0.6914547
Epoch: 71 cost time: 6.551184177398682
Epoch: 71, Steps: 100 | Train Loss: 0.6729084 Vali Loss: 0.6910039
Epoch: 72 cost time: 6.48728084564209
Epoch: 72, Steps: 100 | Train Loss: 0.6726781 Vali Loss: 0.6904821
Epoch: 73 cost time: 6.572262763977051
Epoch: 73, Steps: 100 | Train Loss: 0.6721802 Vali Loss: 0.6909842
Epoch: 74 cost time: 6.513365745544434
Epoch: 74, Steps: 100 | Train Loss: 0.6720549 Vali Loss: 0.6895561
Epoch: 75 cost time: 6.5503926277160645
Epoch: 75, Steps: 100 | Train Loss: 0.6710746 Vali Loss: 0.6892937
Epoch: 76 cost time: 6.450420141220093
Epoch: 76, Steps: 100 | Train Loss: 0.6705239 Vali Loss: 0.6893983
Epoch: 77 cost time: 6.6545562744140625
Epoch: 77, Steps: 100 | Train Loss: 0.6712852 Vali Loss: 0.6893161
Epoch: 78 cost time: 6.58833909034729
Epoch: 78, Steps: 100 | Train Loss: 0.6704824 Vali Loss: 0.6882472
Epoch: 79 cost time: 6.631899118423462
Epoch: 79, Steps: 100 | Train Loss: 0.6698036 Vali Loss: 0.6882603
Epoch: 80 cost time: 6.467886686325073
Epoch: 80, Steps: 100 | Train Loss: 0.6700071 Vali Loss: 0.6887785
Epoch: 81 cost time: 6.585780143737793
Epoch: 81, Steps: 100 | Train Loss: 0.6692122 Vali Loss: 0.6894071
Epoch: 82 cost time: 6.487913370132446
Epoch: 82, Steps: 100 | Train Loss: 0.6685821 Vali Loss: 0.6867973
Epoch: 83 cost time: 6.636787176132202
Epoch: 83, Steps: 100 | Train Loss: 0.6683425 Vali Loss: 0.6870211
Epoch: 84 cost time: 6.583148956298828
Epoch: 84, Steps: 100 | Train Loss: 0.6677214 Vali Loss: 0.6871758
Epoch: 85 cost time: 6.47477388381958
Epoch: 85, Steps: 100 | Train Loss: 0.6679056 Vali Loss: 0.6855927
Epoch: 86 cost time: 6.572129249572754
Epoch: 86, Steps: 100 | Train Loss: 0.6670111 Vali Loss: 0.6854366
Epoch: 87 cost time: 6.56902289390564
Epoch: 87, Steps: 100 | Train Loss: 0.6663491 Vali Loss: 0.6846909
Epoch: 88 cost time: 6.546472072601318
Epoch: 88, Steps: 100 | Train Loss: 0.6662975 Vali Loss: 0.6846936
Epoch: 89 cost time: 6.6582183837890625
Epoch: 89, Steps: 100 | Train Loss: 0.6659386 Vali Loss: 0.6844723
Epoch: 90 cost time: 6.596953868865967
Epoch: 90, Steps: 100 | Train Loss: 0.6653719 Vali Loss: 0.6839251
Epoch: 91 cost time: 6.529982328414917
Epoch: 91, Steps: 100 | Train Loss: 0.6649950 Vali Loss: 0.6836562
Epoch: 92 cost time: 6.562254190444946
Epoch: 92, Steps: 100 | Train Loss: 0.6646168 Vali Loss: 0.6833263
Epoch: 93 cost time: 6.554993391036987
Epoch: 93, Steps: 100 | Train Loss: 0.6642606 Vali Loss: 0.6827688
Epoch: 94 cost time: 6.586597919464111
Epoch: 94, Steps: 100 | Train Loss: 0.6636461 Vali Loss: 0.6827824
Epoch: 95 cost time: 6.561330318450928
Epoch: 95, Steps: 100 | Train Loss: 0.6636155 Vali Loss: 0.6823187
Epoch: 96 cost time: 6.59248685836792
Epoch: 96, Steps: 100 | Train Loss: 0.6628317 Vali Loss: 0.6819575
Epoch: 97 cost time: 6.478870630264282
Epoch: 97, Steps: 100 | Train Loss: 0.6622439 Vali Loss: 0.6814143
Epoch: 98 cost time: 6.623565912246704
Epoch: 98, Steps: 100 | Train Loss: 0.6620594 Vali Loss: 0.6809642
Epoch: 99 cost time: 6.548685073852539
Epoch: 99, Steps: 100 | Train Loss: 0.6612676 Vali Loss: 0.6809012
Epoch: 100 cost time: 6.494799852371216
Epoch: 100, Steps: 100 | Train Loss: 0.6626539 Vali Loss: 0.6814104
Epoch: 101 cost time: 6.4300010204315186
Epoch: 101, Steps: 100 | Train Loss: 0.6615359 Vali Loss: 0.6811956
Plotting loss...
Plotting prediction...
Epoch: 1 cost time: 6.612051725387573
Epoch: 1, Steps: 100 | Train Loss: 0.7047792 Vali Loss: 0.7192633
Epoch: 2 cost time: 6.532747268676758
Epoch: 2, Steps: 100 | Train Loss: 0.6956615 Vali Loss: 0.7145294
Updating learning rate to 0.00025
Epoch: 3 cost time: 6.579976320266724
Epoch: 3, Steps: 100 | Train Loss: 0.6899783 Vali Loss: 0.7140041
Epoch: 4 cost time: 6.606568336486816
Epoch: 4, Steps: 100 | Train Loss: 0.6873896 Vali Loss: 0.7158639
Updating learning rate to 0.000125
Epoch: 5 cost time: 6.538999795913696
Epoch: 5, Steps: 100 | Train Loss: 0.6861380 Vali Loss: 0.7107366
Epoch: 6 cost time: 6.44158935546875
Epoch: 6, Steps: 100 | Train Loss: 0.6830302 Vali Loss: 0.7052454
Updating learning rate to 6.25e-05
Epoch: 7 cost time: 6.527803659439087
Epoch: 7, Steps: 100 | Train Loss: 0.6786361 Vali Loss: 0.7041114
Epoch: 8 cost time: 6.661439418792725
Epoch: 8, Steps: 100 | Train Loss: 0.6755567 Vali Loss: 0.7002429
Updating learning rate to 3.125e-05
Epoch: 9 cost time: 6.577785968780518
Epoch: 9, Steps: 100 | Train Loss: 0.6728389 Vali Loss: 0.6989359
Epoch: 10 cost time: 6.545489311218262
Epoch: 10, Steps: 100 | Train Loss: 0.6720235 Vali Loss: 0.6983485
Updating learning rate to 1.5625e-05
Epoch: 11 cost time: 6.578131675720215
Epoch: 11, Steps: 100 | Train Loss: 0.6704008 Vali Loss: 0.6975617
Epoch: 12 cost time: 6.502337455749512
Epoch: 12, Steps: 100 | Train Loss: 0.6697491 Vali Loss: 0.6976163
Epoch: 13 cost time: 6.558608293533325
Epoch: 13, Steps: 100 | Train Loss: 0.6695033 Vali Loss: 0.6976737
Epoch: 14 cost time: 6.460572957992554
Epoch: 14, Steps: 100 | Train Loss: 0.6691289 Vali Loss: 0.6971783
Epoch: 15 cost time: 6.558809995651245
Epoch: 15, Steps: 100 | Train Loss: 0.6687763 Vali Loss: 0.6969486
Epoch: 16 cost time: 6.528519153594971
Epoch: 16, Steps: 100 | Train Loss: 0.6683813 Vali Loss: 0.6969336
Epoch: 17 cost time: 6.63360333442688
Epoch: 17, Steps: 100 | Train Loss: 0.6686233 Vali Loss: 0.7024697
Epoch: 18 cost time: 6.560045480728149
Epoch: 18, Steps: 100 | Train Loss: 0.6687882 Vali Loss: 0.6987869
Epoch: 19 cost time: 6.484041690826416
Epoch: 19, Steps: 100 | Train Loss: 0.6670336 Vali Loss: 0.6969770
Epoch: 20 cost time: 6.654446840286255
Epoch: 20, Steps: 100 | Train Loss: 0.6666056 Vali Loss: 0.6965608
Epoch: 21 cost time: 6.593039512634277
Epoch: 21, Steps: 100 | Train Loss: 0.6658656 Vali Loss: 0.6963983
Epoch: 22 cost time: 6.6194164752960205
Epoch: 22, Steps: 100 | Train Loss: 0.6654107 Vali Loss: 0.6963543
Epoch: 23 cost time: 6.553142309188843
Epoch: 23, Steps: 100 | Train Loss: 0.6653204 Vali Loss: 0.6962809
Epoch: 24 cost time: 6.572726726531982
Epoch: 24, Steps: 100 | Train Loss: 0.6646588 Vali Loss: 0.6965245
Epoch: 25 cost time: 6.676863193511963
Epoch: 25, Steps: 100 | Train Loss: 0.6646249 Vali Loss: 0.6964769
Epoch: 26 cost time: 6.516500234603882
Epoch: 26, Steps: 100 | Train Loss: 0.6644600 Vali Loss: 0.6960919
Epoch: 27 cost time: 6.647175550460815
Epoch: 27, Steps: 100 | Train Loss: 0.6640244 Vali Loss: 0.6962695
Epoch: 28 cost time: 6.4298317432403564
Epoch: 28, Steps: 100 | Train Loss: 0.6636995 Vali Loss: 0.6957834
Epoch: 29 cost time: 6.654886245727539
Epoch: 29, Steps: 100 | Train Loss: 0.6630789 Vali Loss: 0.6963982
Epoch: 30 cost time: 6.573151588439941
Epoch: 30, Steps: 100 | Train Loss: 0.6627994 Vali Loss: 0.6960040
Epoch: 31 cost time: 6.548985719680786
Epoch: 31, Steps: 100 | Train Loss: 0.6623690 Vali Loss: 0.6951261
Epoch: 32 cost time: 6.572230815887451
Epoch: 32, Steps: 100 | Train Loss: 0.6625119 Vali Loss: 0.6950729
Epoch: 33 cost time: 6.543910026550293
Epoch: 33, Steps: 100 | Train Loss: 0.6619210 Vali Loss: 0.6951676
Epoch: 34 cost time: 6.525569438934326
Epoch: 34, Steps: 100 | Train Loss: 0.6611729 Vali Loss: 0.6955140
Epoch: 35 cost time: 7.135645151138306
Epoch: 35, Steps: 100 | Train Loss: 0.6611075 Vali Loss: 0.6954829
Epoch: 36 cost time: 6.450083017349243
Epoch: 36, Steps: 100 | Train Loss: 0.6603474 Vali Loss: 0.6960216
Epoch: 37 cost time: 6.413667440414429
Epoch: 37, Steps: 100 | Train Loss: 0.6617729 Vali Loss: 0.6955340
Epoch: 38 cost time: 6.605990409851074
Epoch: 38, Steps: 100 | Train Loss: 0.6603690 Vali Loss: 0.6950390
Epoch: 39 cost time: 6.495973348617554
Epoch: 39, Steps: 100 | Train Loss: 0.6597913 Vali Loss: 0.6947048
Epoch: 40 cost time: 6.515759468078613
Epoch: 40, Steps: 100 | Train Loss: 0.6597266 Vali Loss: 0.6955252
Epoch: 41 cost time: 6.559666872024536
Epoch: 41, Steps: 100 | Train Loss: 0.6593936 Vali Loss: 0.6942908
Epoch: 42 cost time: 6.670318841934204
Epoch: 42, Steps: 100 | Train Loss: 0.6590721 Vali Loss: 0.6944886
Epoch: 43 cost time: 6.580054521560669
Epoch: 43, Steps: 100 | Train Loss: 0.6587623 Vali Loss: 0.6958997
Epoch: 44 cost time: 6.54324197769165
Epoch: 44, Steps: 100 | Train Loss: 0.6586194 Vali Loss: 0.6948593
Epoch: 45 cost time: 6.53012490272522
Epoch: 45, Steps: 100 | Train Loss: 0.6581442 Vali Loss: 0.6944371
Epoch: 46 cost time: 6.599303722381592
Epoch: 46, Steps: 100 | Train Loss: 0.6578430 Vali Loss: 0.6944979
Epoch: 47 cost time: 6.583234071731567
Epoch: 47, Steps: 100 | Train Loss: 0.6576694 Vali Loss: 0.6946605
Epoch: 48 cost time: 6.533902645111084
Epoch: 48, Steps: 100 | Train Loss: 0.6574636 Vali Loss: 0.6938481
Epoch: 49 cost time: 6.598090410232544
Epoch: 49, Steps: 100 | Train Loss: 0.6573566 Vali Loss: 0.6939925
Epoch: 50 cost time: 6.6010823249816895
Epoch: 50, Steps: 100 | Train Loss: 0.6586297 Vali Loss: 0.6948316
Epoch: 51 cost time: 6.5590221881866455
Epoch: 51, Steps: 100 | Train Loss: 0.6572508 Vali Loss: 0.6956897
Epoch: 52 cost time: 6.6229259967803955
Epoch: 52, Steps: 100 | Train Loss: 0.6567403 Vali Loss: 0.6945605
Epoch: 53 cost time: 6.534203290939331
Epoch: 53, Steps: 100 | Train Loss: 0.6565828 Vali Loss: 0.6959304
Epoch: 54 cost time: 6.5031349658966064
Epoch: 54, Steps: 100 | Train Loss: 0.6565249 Vali Loss: 0.6940783
Epoch: 55 cost time: 6.530734300613403
Epoch: 55, Steps: 100 | Train Loss: 0.6561423 Vali Loss: 0.6938862
Epoch: 56 cost time: 6.559324502944946
Epoch: 56, Steps: 100 | Train Loss: 0.6561885 Vali Loss: 0.6949314
Epoch: 57 cost time: 6.565510511398315
Epoch: 57, Steps: 100 | Train Loss: 0.6558674 Vali Loss: 0.6944960
Epoch: 58 cost time: 6.5973474979400635
Epoch: 58, Steps: 100 | Train Loss: 0.6557152 Vali Loss: 0.6934562
Epoch: 59 cost time: 6.540356159210205
Epoch: 59, Steps: 100 | Train Loss: 0.6554856 Vali Loss: 0.6944383
Epoch: 60 cost time: 6.5796685218811035
Epoch: 60, Steps: 100 | Train Loss: 0.6556204 Vali Loss: 0.6935851
Epoch: 61 cost time: 6.482972860336304
Epoch: 61, Steps: 100 | Train Loss: 0.6557893 Vali Loss: 0.6949491
Epoch: 62 cost time: 6.606230974197388
Epoch: 62, Steps: 100 | Train Loss: 0.6552983 Vali Loss: 0.6948277
Epoch: 63 cost time: 6.621661424636841
Epoch: 63, Steps: 100 | Train Loss: 0.6552819 Vali Loss: 0.6948633
Epoch: 64 cost time: 6.614667654037476
Epoch: 64, Steps: 100 | Train Loss: 0.6563810 Vali Loss: 0.6949260
Epoch: 65 cost time: 6.577290296554565
Epoch: 65, Steps: 100 | Train Loss: 0.6554534 Vali Loss: 0.6959171
Epoch: 66 cost time: 6.466801166534424
Epoch: 66, Steps: 100 | Train Loss: 0.6546876 Vali Loss: 0.6954856
Epoch: 67 cost time: 6.511821508407593
Epoch: 67, Steps: 100 | Train Loss: 0.6547351 Vali Loss: 0.6960327
Epoch: 68 cost time: 6.517878293991089
Epoch: 68, Steps: 100 | Train Loss: 0.6548168 Vali Loss: 0.6942530
Epoch: 69 cost time: 6.581111669540405
Epoch: 69, Steps: 100 | Train Loss: 0.6543930 Vali Loss: 0.6954915
Epoch: 70 cost time: 6.593933820724487
Epoch: 70, Steps: 100 | Train Loss: 0.6541638 Vali Loss: 0.6945173
Epoch: 71 cost time: 6.4509971141815186
Epoch: 71, Steps: 100 | Train Loss: 0.6549209 Vali Loss: 0.6954276
Epoch: 72 cost time: 6.427644729614258
Epoch: 72, Steps: 100 | Train Loss: 0.6537280 Vali Loss: 0.6944576
Epoch: 73 cost time: 6.571314096450806
Epoch: 73, Steps: 100 | Train Loss: 0.6537675 Vali Loss: 0.6944861
Epoch: 74 cost time: 6.4428863525390625
Epoch: 74, Steps: 100 | Train Loss: 0.6537763 Vali Loss: 0.6950952
Epoch: 75 cost time: 6.666948318481445
Epoch: 75, Steps: 100 | Train Loss: 0.6533739 Vali Loss: 0.6960246
Epoch: 76 cost time: 6.471878290176392
Epoch: 76, Steps: 100 | Train Loss: 0.6534402 Vali Loss: 0.6952014
Epoch: 77 cost time: 6.5617616176605225
Epoch: 77, Steps: 100 | Train Loss: 0.6535662 Vali Loss: 0.6949254
Epoch: 78 cost time: 6.540022611618042
Epoch: 78, Steps: 100 | Train Loss: 0.6530887 Vali Loss: 0.6937192
Epoch: 79 cost time: 6.515866279602051
Epoch: 79, Steps: 100 | Train Loss: 0.6530503 Vali Loss: 0.6944834
Epoch: 80 cost time: 6.538549900054932
Epoch: 80, Steps: 100 | Train Loss: 0.6529555 Vali Loss: 0.6946178
Epoch: 81 cost time: 6.5403172969818115
Epoch: 81, Steps: 100 | Train Loss: 0.6528757 Vali Loss: 0.6941942
Epoch: 82 cost time: 6.451812028884888
Epoch: 82, Steps: 100 | Train Loss: 0.6525810 Vali Loss: 0.6943599
Epoch: 83 cost time: 6.5530900955200195
Epoch: 83, Steps: 100 | Train Loss: 0.6522668 Vali Loss: 0.6944213
Epoch: 84 cost time: 6.619832277297974
Epoch: 84, Steps: 100 | Train Loss: 0.6522453 Vali Loss: 0.6934450
Epoch: 85 cost time: 6.6162004470825195
Epoch: 85, Steps: 100 | Train Loss: 0.6522086 Vali Loss: 0.6933612
Epoch: 86 cost time: 6.370406866073608
Epoch: 86, Steps: 100 | Train Loss: 0.6522899 Vali Loss: 0.6946876
Epoch: 87 cost time: 6.456370115280151
Epoch: 87, Steps: 100 | Train Loss: 0.6519594 Vali Loss: 0.6936171
Epoch: 88 cost time: 6.714163541793823
Epoch: 88, Steps: 100 | Train Loss: 0.6516848 Vali Loss: 0.6943530
Epoch: 89 cost time: 6.6655113697052
Epoch: 89, Steps: 100 | Train Loss: 0.6513654 Vali Loss: 0.6940920
Epoch: 90 cost time: 6.611336708068848
Epoch: 90, Steps: 100 | Train Loss: 0.6514589 Vali Loss: 0.6950122
Epoch: 91 cost time: 6.547673463821411
Epoch: 91, Steps: 100 | Train Loss: 0.6522306 Vali Loss: 0.6958813
Epoch: 92 cost time: 6.577350854873657
Epoch: 92, Steps: 100 | Train Loss: 0.6517804 Vali Loss: 0.6941665
Epoch: 93 cost time: 6.574180364608765
Epoch: 93, Steps: 100 | Train Loss: 0.6509727 Vali Loss: 0.6941035
Epoch: 94 cost time: 6.644423961639404
Epoch: 94, Steps: 100 | Train Loss: 0.6513560 Vali Loss: 0.6918627
Epoch: 95 cost time: 6.547545909881592
Epoch: 95, Steps: 100 | Train Loss: 0.6514036 Vali Loss: 0.6943163
Epoch: 96 cost time: 6.53678560256958
Epoch: 96, Steps: 100 | Train Loss: 0.6507805 Vali Loss: 0.6938788
Epoch: 97 cost time: 6.627563953399658
Epoch: 97, Steps: 100 | Train Loss: 0.6505557 Vali Loss: 0.6944172
Epoch: 98 cost time: 6.445558309555054
Epoch: 98, Steps: 100 | Train Loss: 0.6503594 Vali Loss: 0.6958759
Epoch: 99 cost time: 6.59049654006958
Epoch: 99, Steps: 100 | Train Loss: 0.6506126 Vali Loss: 0.6947088
Epoch: 100 cost time: 6.506601810455322
Epoch: 100, Steps: 100 | Train Loss: 0.6502706 Vali Loss: 0.6942413
Epoch: 101 cost time: 6.572366237640381
Epoch: 101, Steps: 100 | Train Loss: 0.6502716 Vali Loss: 0.6930932
Plotting loss...
Plotting prediction...
Epoch: 1 cost time: 6.52424955368042
Epoch: 1, Steps: 100 | Train Loss: 0.7054885 Vali Loss: 0.7214010
Epoch: 2 cost time: 6.5387492179870605
Epoch: 2, Steps: 100 | Train Loss: 0.7030067 Vali Loss: 0.7205662
Updating learning rate to 5e-05
Epoch: 3 cost time: 6.367164134979248
Epoch: 3, Steps: 100 | Train Loss: 0.7003397 Vali Loss: 0.7186812
Epoch: 4 cost time: 6.486166000366211
Epoch: 4, Steps: 100 | Train Loss: 0.6977128 Vali Loss: 0.7164729
Updating learning rate to 2.5e-05
Epoch: 5 cost time: 6.547991037368774
Epoch: 5, Steps: 100 | Train Loss: 0.6957232 Vali Loss: 0.7154715
Epoch: 6 cost time: 6.404439210891724
Epoch: 6, Steps: 100 | Train Loss: 0.6946331 Vali Loss: 0.7149516
Updating learning rate to 1.25e-05
Epoch: 7 cost time: 6.525976181030273
Epoch: 7, Steps: 100 | Train Loss: 0.6936558 Vali Loss: 0.7143057
Epoch: 8 cost time: 6.528332710266113
Epoch: 8, Steps: 100 | Train Loss: 0.6930408 Vali Loss: 0.7140910
Updating learning rate to 6.25e-06
Epoch: 9 cost time: 6.524551868438721
Epoch: 9, Steps: 100 | Train Loss: 0.6925332 Vali Loss: 0.7138176
Epoch: 10 cost time: 6.488978862762451
Epoch: 10, Steps: 100 | Train Loss: 0.6922622 Vali Loss: 0.7136924
Updating learning rate to 3.125e-06
Epoch: 11 cost time: 6.426908493041992
Epoch: 11, Steps: 100 | Train Loss: 0.6919908 Vali Loss: 0.7136556
Epoch: 12 cost time: 6.63786768913269
Epoch: 12, Steps: 100 | Train Loss: 0.6918430 Vali Loss: 0.7135576
Epoch: 13 cost time: 6.542576551437378
Epoch: 13, Steps: 100 | Train Loss: 0.6917101 Vali Loss: 0.7134479
Epoch: 14 cost time: 6.944765567779541
Epoch: 14, Steps: 100 | Train Loss: 0.6915400 Vali Loss: 0.7134161
Epoch: 15 cost time: 6.6288511753082275
Epoch: 15, Steps: 100 | Train Loss: 0.6914107 Vali Loss: 0.7133233
Epoch: 16 cost time: 6.610336065292358
Epoch: 16, Steps: 100 | Train Loss: 0.6912754 Vali Loss: 0.7132647
Epoch: 17 cost time: 6.461346387863159
Epoch: 17, Steps: 100 | Train Loss: 0.6911299 Vali Loss: 0.7131753
Epoch: 18 cost time: 6.55210018157959
Epoch: 18, Steps: 100 | Train Loss: 0.6909681 Vali Loss: 0.7130097
Epoch: 19 cost time: 6.5779032707214355
Epoch: 19, Steps: 100 | Train Loss: 0.6908184 Vali Loss: 0.7130809
Epoch: 20 cost time: 6.5509843826293945
Epoch: 20, Steps: 100 | Train Loss: 0.6906817 Vali Loss: 0.7128680
Epoch: 21 cost time: 6.573089599609375
Epoch: 21, Steps: 100 | Train Loss: 0.6905417 Vali Loss: 0.7129529
Epoch: 22 cost time: 6.518256187438965
Epoch: 22, Steps: 100 | Train Loss: 0.6903804 Vali Loss: 0.7128224
Epoch: 23 cost time: 6.61487603187561
Epoch: 23, Steps: 100 | Train Loss: 0.6902339 Vali Loss: 0.7126405
Epoch: 24 cost time: 6.541062593460083
Epoch: 24, Steps: 100 | Train Loss: 0.6901163 Vali Loss: 0.7125801
Epoch: 25 cost time: 6.542396068572998
Epoch: 25, Steps: 100 | Train Loss: 0.6899776 Vali Loss: 0.7125202
Epoch: 26 cost time: 6.657370090484619
Epoch: 26, Steps: 100 | Train Loss: 0.6898717 Vali Loss: 0.7128739
Epoch: 27 cost time: 6.671910285949707
Epoch: 27, Steps: 100 | Train Loss: 0.6896785 Vali Loss: 0.7122963
Epoch: 28 cost time: 6.544942855834961
Epoch: 28, Steps: 100 | Train Loss: 0.6896052 Vali Loss: 0.7125485
Epoch: 29 cost time: 6.527122974395752
Epoch: 29, Steps: 100 | Train Loss: 0.6894352 Vali Loss: 0.7122982
Epoch: 30 cost time: 6.482790946960449
Epoch: 30, Steps: 100 | Train Loss: 0.6892626 Vali Loss: 0.7123151
Epoch: 31 cost time: 6.541229248046875
Epoch: 31, Steps: 100 | Train Loss: 0.6891217 Vali Loss: 0.7122275
Epoch: 32 cost time: 6.532610177993774
Epoch: 32, Steps: 100 | Train Loss: 0.6889776 Vali Loss: 0.7121460
Epoch: 33 cost time: 6.554683685302734
Epoch: 33, Steps: 100 | Train Loss: 0.6888125 Vali Loss: 0.7122993
Epoch: 34 cost time: 6.443546533584595
Epoch: 34, Steps: 100 | Train Loss: 0.6886619 Vali Loss: 0.7121138
Epoch: 35 cost time: 6.570341110229492
Epoch: 35, Steps: 100 | Train Loss: 0.6885396 Vali Loss: 0.7119392
Epoch: 36 cost time: 6.467068433761597
Epoch: 36, Steps: 100 | Train Loss: 0.6884298 Vali Loss: 0.7118071
Epoch: 37 cost time: 6.544745683670044
Epoch: 37, Steps: 100 | Train Loss: 0.6882997 Vali Loss: 0.7117866
Epoch: 38 cost time: 6.474857330322266
Epoch: 38, Steps: 100 | Train Loss: 0.6881325 Vali Loss: 0.7119632
Epoch: 39 cost time: 6.5584635734558105
Epoch: 39, Steps: 100 | Train Loss: 0.6880354 Vali Loss: 0.7117022
Epoch: 40 cost time: 6.643208980560303
Epoch: 40, Steps: 100 | Train Loss: 0.6878527 Vali Loss: 0.7116042
Epoch: 41 cost time: 6.5002601146698
Epoch: 41, Steps: 100 | Train Loss: 0.6877581 Vali Loss: 0.7117073
Epoch: 42 cost time: 6.537513494491577
Epoch: 42, Steps: 100 | Train Loss: 0.6876077 Vali Loss: 0.7114051
Epoch: 43 cost time: 6.541238307952881
Epoch: 43, Steps: 100 | Train Loss: 0.6874908 Vali Loss: 0.7115038
Epoch: 44 cost time: 6.525735855102539
Epoch: 44, Steps: 100 | Train Loss: 0.6873224 Vali Loss: 0.7117729
Epoch: 45 cost time: 6.558492422103882
Epoch: 45, Steps: 100 | Train Loss: 0.6872229 Vali Loss: 0.7111273
Epoch: 46 cost time: 6.517921209335327
Epoch: 46, Steps: 100 | Train Loss: 0.6871527 Vali Loss: 0.7120084
Epoch: 47 cost time: 6.64544415473938
Epoch: 47, Steps: 100 | Train Loss: 0.6870656 Vali Loss: 0.7114377
Epoch: 48 cost time: 6.488422393798828
Epoch: 48, Steps: 100 | Train Loss: 0.6869055 Vali Loss: 0.7113903
Epoch: 49 cost time: 6.561927795410156
Epoch: 49, Steps: 100 | Train Loss: 0.6868003 Vali Loss: 0.7111726
Epoch: 50 cost time: 6.592117786407471
Epoch: 50, Steps: 100 | Train Loss: 0.6866337 Vali Loss: 0.7109935
Epoch: 51 cost time: 6.549227714538574
Epoch: 51, Steps: 100 | Train Loss: 0.6865340 Vali Loss: 0.7107594
Epoch: 52 cost time: 6.5469255447387695
Epoch: 52, Steps: 100 | Train Loss: 0.6864556 Vali Loss: 0.7112984
Epoch: 53 cost time: 6.577728033065796
Epoch: 53, Steps: 100 | Train Loss: 0.6864875 Vali Loss: 0.7121055
Epoch: 54 cost time: 6.507575988769531
Epoch: 54, Steps: 100 | Train Loss: 0.6864077 Vali Loss: 0.7114877
Epoch: 55 cost time: 6.6716814041137695
Epoch: 55, Steps: 100 | Train Loss: 0.6862578 Vali Loss: 0.7114711
Epoch: 56 cost time: 6.590692758560181
Epoch: 56, Steps: 100 | Train Loss: 0.6860435 Vali Loss: 0.7102356
Epoch: 57 cost time: 6.508403301239014
Epoch: 57, Steps: 100 | Train Loss: 0.6857300 Vali Loss: 0.7100348
Epoch: 58 cost time: 6.534441709518433
Epoch: 58, Steps: 100 | Train Loss: 0.6857018 Vali Loss: 0.7097672
Epoch: 59 cost time: 6.46164870262146
Epoch: 59, Steps: 100 | Train Loss: 0.6857911 Vali Loss: 0.7099501
Epoch: 60 cost time: 6.598754405975342
Epoch: 60, Steps: 100 | Train Loss: 0.6856334 Vali Loss: 0.7103093
Epoch: 61 cost time: 6.550228118896484
Epoch: 61, Steps: 100 | Train Loss: 0.6854016 Vali Loss: 0.7101043
Epoch: 62 cost time: 6.578033447265625
Epoch: 62, Steps: 100 | Train Loss: 0.6854071 Vali Loss: 0.7115213
Epoch: 63 cost time: 6.508227348327637
Epoch: 63, Steps: 100 | Train Loss: 0.6854606 Vali Loss: 0.7104064
Epoch: 64 cost time: 6.557769060134888
Epoch: 64, Steps: 100 | Train Loss: 0.6852398 Vali Loss: 0.7105827
Epoch: 65 cost time: 6.55328106880188
Epoch: 65, Steps: 100 | Train Loss: 0.6851194 Vali Loss: 0.7102245
Epoch: 66 cost time: 6.503047227859497
Epoch: 66, Steps: 100 | Train Loss: 0.6850330 Vali Loss: 0.7103474
Epoch: 67 cost time: 6.614186525344849
Epoch: 67, Steps: 100 | Train Loss: 0.6849034 Vali Loss: 0.7101388
Epoch: 68 cost time: 6.5121824741363525
Epoch: 68, Steps: 100 | Train Loss: 0.6847850 Vali Loss: 0.7106627
Epoch: 69 cost time: 6.492383003234863
Epoch: 69, Steps: 100 | Train Loss: 0.6847194 Vali Loss: 0.7102146
Epoch: 70 cost time: 6.583877801895142
Epoch: 70, Steps: 100 | Train Loss: 0.6846221 Vali Loss: 0.7101632
Epoch: 71 cost time: 6.621514320373535
Epoch: 71, Steps: 100 | Train Loss: 0.6845344 Vali Loss: 0.7103227
Epoch: 72 cost time: 6.546050786972046
Epoch: 72, Steps: 100 | Train Loss: 0.6844984 Vali Loss: 0.7099739
Epoch: 73 cost time: 6.541100978851318
Epoch: 73, Steps: 100 | Train Loss: 0.6843538 Vali Loss: 0.7100564
Epoch: 74 cost time: 6.310082912445068
Epoch: 74, Steps: 100 | Train Loss: 0.6842617 Vali Loss: 0.7100243
Epoch: 75 cost time: 6.62388277053833
Epoch: 75, Steps: 100 | Train Loss: 0.6842687 Vali Loss: 0.7100603
Epoch: 76 cost time: 6.669708490371704
Epoch: 76, Steps: 100 | Train Loss: 0.6842276 Vali Loss: 0.7094241
Epoch: 77 cost time: 6.464846134185791
Epoch: 77, Steps: 100 | Train Loss: 0.6843492 Vali Loss: 0.7101638
Epoch: 78 cost time: 6.584197998046875
Epoch: 78, Steps: 100 | Train Loss: 0.6840426 Vali Loss: 0.7100856
Epoch: 79 cost time: 6.443894386291504
Epoch: 79, Steps: 100 | Train Loss: 0.6839448 Vali Loss: 0.7099744
Epoch: 80 cost time: 6.483048915863037
Epoch: 80, Steps: 100 | Train Loss: 0.6838135 Vali Loss: 0.7100521
Epoch: 81 cost time: 6.550870180130005
Epoch: 81, Steps: 100 | Train Loss: 0.6837790 Vali Loss: 0.7099610
Epoch: 82 cost time: 6.628175973892212
Epoch: 82, Steps: 100 | Train Loss: 0.6837050 Vali Loss: 0.7101490
Epoch: 83 cost time: 6.519331455230713
Epoch: 83, Steps: 100 | Train Loss: 0.6836661 Vali Loss: 0.7101600
Epoch: 84 cost time: 6.52774977684021
Epoch: 84, Steps: 100 | Train Loss: 0.6835113 Vali Loss: 0.7101980
Epoch: 85 cost time: 6.632982492446899
Epoch: 85, Steps: 100 | Train Loss: 0.6834773 Vali Loss: 0.7098858
Epoch: 86 cost time: 6.531909704208374
Epoch: 86, Steps: 100 | Train Loss: 0.6833306 Vali Loss: 0.7099691
Epoch: 87 cost time: 6.430817604064941
Epoch: 87, Steps: 100 | Train Loss: 0.6833607 Vali Loss: 0.7102511
Epoch: 88 cost time: 6.509494781494141
Epoch: 88, Steps: 100 | Train Loss: 0.6833539 Vali Loss: 0.7099950
Epoch: 89 cost time: 6.718103408813477
Epoch: 89, Steps: 100 | Train Loss: 0.6832656 Vali Loss: 0.7102654
Epoch: 90 cost time: 6.5988688468933105
Epoch: 90, Steps: 100 | Train Loss: 0.6831727 Vali Loss: 0.7100365
Epoch: 91 cost time: 6.583334684371948
Epoch: 91, Steps: 100 | Train Loss: 0.6830558 Vali Loss: 0.7097639
Epoch: 92 cost time: 6.504382371902466
Epoch: 92, Steps: 100 | Train Loss: 0.6830777 Vali Loss: 0.7097188
Epoch: 93 cost time: 6.579878091812134
Epoch: 93, Steps: 100 | Train Loss: 0.6830775 Vali Loss: 0.7095491
Epoch: 94 cost time: 6.56787109375
Epoch: 94, Steps: 100 | Train Loss: 0.6829531 Vali Loss: 0.7107368
Epoch: 95 cost time: 6.641201496124268
Epoch: 95, Steps: 100 | Train Loss: 0.6830033 Vali Loss: 0.7100822
Epoch: 96 cost time: 6.59639048576355
Epoch: 96, Steps: 100 | Train Loss: 0.6827856 Vali Loss: 0.7094788
Epoch: 97 cost time: 6.525863170623779
Epoch: 97, Steps: 100 | Train Loss: 0.6830278 Vali Loss: 0.7098800
Epoch: 98 cost time: 6.917720556259155
Epoch: 98, Steps: 100 | Train Loss: 0.6828127 Vali Loss: 0.7098567
Epoch: 99 cost time: 6.6308274269104
Epoch: 99, Steps: 100 | Train Loss: 0.6827232 Vali Loss: 0.7101961
Epoch: 100 cost time: 6.548938751220703
Epoch: 100, Steps: 100 | Train Loss: 0.6826661 Vali Loss: 0.7097882
Epoch: 101 cost time: 6.556528329849243
Epoch: 101, Steps: 100 | Train Loss: 0.6825762 Vali Loss: 0.7096260
Plotting loss...
Plotting prediction...
